Start-Date: 2023-10-01  10:30:00
Commandline: apt install vim
Requested-By: user (1000)
Install: vim:amd64 (2:8.2.3995-1ubuntu2.1)
End-Date: 2023-10-01  10:30:15

Start-Date: 2023-10-02  14:25:30
Commandline: apt-get update
Requested-By: user (1000)
End-Date: 2023-10-02  14:26:00

Start-Date: 2023-10-03  09:15:45
Commandline: apt upgrade
Requested-By: user (1000)
Upgrade: python3:amd64 (3.10.6-1~22.04, 3.10.6-1~22.04.1)
End-Date: 2023-10-03  09:20:12

Start-Date: 2023-10-04  16:45:00
Commandline: apt remove --purge firefox
Requested-By: user (1000)
Remove: firefox:amd64 (106.0.5+build1-0ubuntu0.22.04.1)
End-Date: 2023-10-04  16:45:30

Start-Date: 2023-10-05  08:20:15
Commandline: apt install git curl wget
Requested-By: user (1000)
Install: git:amd64 (1:2.34.1-1ubuntu1.4), curl:amd64 (7.81.0-1ubuntu1.6), wget:amd64 (1.21.2-2ubuntu1)
End-Date: 2023-10-05  08:21:00

Start-Date: 2023-10-06  11:30:45
Commandline: apt autoremove
Requested-By: user (1000)
Remove: libfoo:amd64 (1.0.0-1)
End-Date: 2023-10-06  11:31:00
